<?xml version="1.0" encoding="UTF-8"?>
<!-- Generated by org.testng.reporters.JUnitReportReporter -->
<testsuite hostname="Lishanth" failures="0" tests="7" name="test.TC_001SignupFunctionalityDemoblaze" time="43.429" errors="0" timestamp="2024-08-30T01:58:05 GST" skipped="0">
  <testcase classname="test.TC_001SignupFunctionalityDemoblaze" name="SignUpFunctionality" time="7.519"/>
  <system-out/>
  <testcase classname="test.TC_001SignupFunctionalityDemoblaze" name="SignUpFunctionality" time="5.012"/>
  <system-out/>
  <testcase classname="test.TC_001SignupFunctionalityDemoblaze" name="SignUpFunctionality" time="5.532"/>
  <system-out/>
  <testcase classname="test.TC_001SignupFunctionalityDemoblaze" name="SignUpFunctionality" time="7.294"/>
  <system-out/>
  <testcase classname="test.TC_001SignupFunctionalityDemoblaze" name="SignUpFunctionality" time="5.510"/>
  <system-out/>
  <testcase classname="test.TC_001SignupFunctionalityDemoblaze" name="SignUpFunctionality" time="6.287"/>
  <system-out/>
  <testcase classname="test.TC_001SignupFunctionalityDemoblaze" name="SignUpFunctionality" time="6.275"/>
  <system-out/>
</testsuite> <!-- test.TC_001SignupFunctionalityDemoblaze -->
