<?xml version="1.0" encoding="UTF-8"?>
<!-- Generated by org.testng.reporters.JUnitReportReporter -->
<testsuite hostname="Lishanth" failures="0" tests="1" name="test.TC_003_LogoutDisplayedafterLogin" time="5.962" errors="0" timestamp="2024-08-30T01:58:05 GST" skipped="0">
  <testcase classname="test.TC_003_LogoutDisplayedafterLogin" name="tc_003_LogoutDisplayedafterLogin" time="5.962"/>
  <system-out/>
</testsuite> <!-- test.TC_003_LogoutDisplayedafterLogin -->
