<?xml version="1.0" encoding="UTF-8"?>
<!-- Generated by org.testng.reporters.JUnitReportReporter -->
<testsuite hostname="Lishanth" failures="0" tests="3" name="test.TC_002LoginFunctionalityDemoBlaze" time="25.984" errors="0" timestamp="2024-08-30T01:58:05 GST" skipped="0">
  <testcase classname="test.TC_002LoginFunctionalityDemoBlaze" name="LoginFunctionality" time="7.716"/>
  <system-out/>
  <testcase classname="test.TC_002LoginFunctionalityDemoBlaze" name="LoginFunctionality" time="7.741"/>
  <system-out/>
  <testcase classname="test.TC_002LoginFunctionalityDemoBlaze" name="LoginFunctionality" time="10.527"/>
  <system-out/>
</testsuite> <!-- test.TC_002LoginFunctionalityDemoBlaze -->
