<?xml version="1.0" encoding="UTF-8"?>
<!-- Generated by org.testng.reporters.JUnitReportReporter -->
<testsuite hostname="Lishanth" failures="0" tests="2" name="test.Logintest" time="0.000" errors="0" timestamp="2024-07-31T10:37:26 GST" skipped="2">
  <testcase classname="test.Logintest" name="testlogin1" time="0.000">
    <skipped/>
  </testcase> <!-- testlogin1 -->
  <system-out/>
  <testcase classname="test.Logintest" name="testlogin2">
    <skipped/>
  </testcase> <!-- testlogin2 -->
  <system-out/>
</testsuite> <!-- test.Logintest -->
