<?xml version="1.0" encoding="UTF-8"?>
<!-- Generated by org.testng.reporters.JUnitReportReporter -->
<testsuite hostname="Lishanth" failures="0" tests="1" name="test.Signuptest" time="0.000" errors="0" timestamp="2024-07-31T14:38:43 GST" skipped="1">
  <testcase classname="test.Signuptest" name="testsignup1" time="0.000">
    <skipped/>
  </testcase> <!-- testsignup1 -->
  <system-out/>
</testsuite> <!-- test.Signuptest -->
