<?xml version="1.0" encoding="UTF-8"?>
<!-- Generated by org.testng.reporters.JUnitReportReporter -->
<testsuite hostname="Lishanth" failures="0" tests="3" name="test.TC_004_InvalidLoginFields" time="18.848" errors="0" timestamp="2024-08-30T01:58:05 GST" skipped="0">
  <testcase classname="test.TC_004_InvalidLoginFields" name="tc_004_InvalidLoginFields" time="6.172"/>
  <system-out/>
  <testcase classname="test.TC_004_InvalidLoginFields" name="tc_004_InvalidLoginFields" time="6.769"/>
  <system-out/>
  <testcase classname="test.TC_004_InvalidLoginFields" name="tc_004_InvalidLoginFields" time="5.907"/>
  <system-out/>
</testsuite> <!-- test.TC_004_InvalidLoginFields -->
